<?xml version="1.0" encoding="UTF-8"?>
<!-- Generated by org.testng.reporters.JUnitReportReporter -->
<testsuite hostname="DESKTOP-R1L0ULN" failures="0" tests="1" name="testCases.LoginTestCase" time="22.347" errors="0" timestamp="2022-09-28T12:54:36 IST" skipped="0">
  <testcase classname="testCases.LoginTestCase" name="login" time="22.347"/>
  <system-out/>
</testsuite> <!-- testCases.LoginTestCase -->
